Mar-13 11:02:56.022 [main] DEBUG nextflow.cli.Launcher - $> nextflow run main.nf --help
Mar-13 11:02:56.097 [main] INFO  nextflow.cli.CmdRun - N E X T F L O W  ~  version 22.10.7
Mar-13 11:02:56.117 [main] DEBUG nextflow.plugin.PluginsFacade - Setting up plugin manager > mode=prod; embedded=false; plugins-dir=/Users/amiee/.nextflow/plugins; core-plugins: nf-amazon@1.11.4,nf-azure@0.14.2,nf-codecommit@0.1.2,nf-console@1.0.4,nf-ga4gh@1.0.4,nf-google@1.4.5,nf-tower@1.5.6,nf-wave@0.5.4
Mar-13 11:02:56.128 [main] INFO  org.pf4j.DefaultPluginStatusProvider - Enabled plugins: []
Mar-13 11:02:56.128 [main] INFO  org.pf4j.DefaultPluginStatusProvider - Disabled plugins: []
Mar-13 11:02:56.131 [main] INFO  org.pf4j.DefaultPluginManager - PF4J version 3.4.1 in 'deployment' mode
Mar-13 11:02:56.141 [main] INFO  org.pf4j.AbstractPluginManager - No plugins
Mar-13 11:02:56.155 [main] DEBUG nextflow.config.ConfigBuilder - Found config local: /Users/amiee/mark/nextflow_blast/nextflow.config
Mar-13 11:02:56.156 [main] DEBUG nextflow.config.ConfigBuilder - Parsing config file: /Users/amiee/mark/nextflow_blast/nextflow.config
Mar-13 11:02:56.173 [main] DEBUG nextflow.config.ConfigBuilder - Applying config profile: `standard`
Mar-13 11:02:56.623 [main] DEBUG nextflow.cli.CmdRun - Applied DSL=1 from config declaration
Mar-13 11:02:56.641 [main] INFO  nextflow.cli.CmdRun - Launching `main.nf` [stoic_sax] DSL1 - revision: 4512ef03fd
Mar-13 11:02:56.642 [main] DEBUG nextflow.plugin.PluginsFacade - Plugins default=[]
Mar-13 11:02:56.642 [main] DEBUG nextflow.plugin.PluginsFacade - Plugins resolved requirement=[]
Mar-13 11:02:56.654 [main] DEBUG nextflow.secret.LocalSecretsProvider - Secrets store: /Users/amiee/.nextflow/secrets/store.json
Mar-13 11:02:56.658 [main] DEBUG nextflow.secret.SecretsLoader - Discovered secrets providers: [nextflow.secret.LocalSecretsProvider@43e9089] - activable => nextflow.secret.LocalSecretsProvider@43e9089
Mar-13 11:02:56.726 [main] DEBUG nextflow.Session - Session UUID: ad810dd7-e26f-4817-afd0-8db13eeaea2e
Mar-13 11:02:56.726 [main] DEBUG nextflow.Session - Run name: stoic_sax
Mar-13 11:02:56.726 [main] DEBUG nextflow.Session - Executor pool size: 16
Mar-13 11:02:56.736 [main] DEBUG nextflow.util.ThreadPoolBuilder - Creating thread pool 'FileTransfer' minSize=10; maxSize=48; workQueue=LinkedBlockingQueue[10000]; allowCoreThreadTimeout=false
Mar-13 11:02:56.762 [main] DEBUG nextflow.cli.CmdRun - 
  Version: 22.10.7 build 5853
  Created: 18-02-2023 20:32 UTC (12:32 PDT)
  System: Mac OS X 10.14.6
  Runtime: Groovy 3.0.13 on Java HotSpot(TM) 64-Bit Server VM 17.0.6+9-LTS-190
  Encoding: UTF-8 (UTF-8)
  Process: 16581@Amiees-MBP.lan [192.168.1.181]
  CPUs: 16 - Mem: 32 GB (13 GB) - Swap: 2 GB (1.2 GB)
Mar-13 11:02:56.775 [main] DEBUG nextflow.Session - Work-dir: /Users/amiee/mark/nextflow_blast/work [Mac OS X]
Mar-13 11:02:56.775 [main] DEBUG nextflow.Session - Script base path does not exist or is not a directory: /Users/amiee/mark/nextflow_blast/bin
Mar-13 11:02:56.784 [main] DEBUG nextflow.executor.ExecutorFactory - Extension executors providers=[]
Mar-13 11:02:56.792 [main] DEBUG nextflow.Session - Observer factory: DefaultObserverFactory
Mar-13 11:02:56.817 [main] DEBUG nextflow.cache.CacheFactory - Using Nextflow cache factory: nextflow.cache.DefaultCacheFactory
Mar-13 11:02:56.826 [main] DEBUG nextflow.util.CustomThreadPool - Creating default thread pool > poolSize: 17; maxThreads: 1000
Mar-13 11:02:56.885 [main] DEBUG nextflow.Session - Session start
Mar-13 11:02:57.106 [main] DEBUG nextflow.script.ScriptRunner - > Launching execution
Mar-13 11:02:57.112 [main] INFO  nextflow.script.BaseScript - 
I want to BLAST /Users/amiee/mark/nextflow_blast/input.fasta to /Users/amiee/mark/nextflow_blast/DB//blastDB using 2 CPUs and output it to out_dir

Mar-13 11:02:57.150 [main] DEBUG nextflow.executor.ExecutorFactory - << taskConfig executor: null
Mar-13 11:02:57.150 [main] DEBUG nextflow.executor.ExecutorFactory - >> processorType: 'local'
Mar-13 11:02:57.159 [main] DEBUG nextflow.executor.Executor - [warm up] executor > local
Mar-13 11:02:57.164 [main] DEBUG n.processor.LocalPollingMonitor - Creating local task monitor for executor 'local' > cpus=16; memory=32 GB; capacity=16; pollInterval=100ms; dumpInterval=5m
Mar-13 11:02:57.272 [main] INFO  nextflow.Nextflow - 
        Usage:
        The typical command for running the pipeline is as follows:
        nextflow run main.nf --query QUERY.fasta --dbDir "blastDatabaseDirectory" --dbName "blastPrefixName"

        Mandatory arguments:
         --query                        Query fasta file of sequences you wish to BLAST
         --dbDir                        BLAST database directory (full path required)
         --dbName                       Prefix name of the BLAST database

       Optional arguments:
        --outdir                       Output directory to place final BLAST output
        --outfmt                       Output format ['6']
        --options                      Additional options for BLAST command [-evalue 1e-3]
        --outFileName                  Prefix name for BLAST output [input.blastout]
        --threads                      Number of CPUs to use during blast job [16]
        --chunkSize                    Number of fasta records to use when splitting the query fasta file
        --app                          BLAST program to use [blastn;blastp,tblastn,blastx]
        --help                         This usage statement.
        
